[1606917259522];GET;/
[1606917259656];GET;/css/index.css
[1606917259656];GET;/js/index.js
[1606917271665];GET;/list
[1606917276098];GET;/
[1606917276116];GET;/css/index.css
[1606917276117];GET;/js/index.js
[1606917293509];POST;/reg
[1606917293949];POST;/reg
[1606917295126];POST;/reg
[1606917303978];GET;/css/index.css
[1606917306743];POST;/reg
[1606917307285];POST;/reg
[1606917373857];GET;/
[1606917374034];GET;/css/index.css
[1606917374036];GET;/js/index.js
[1606917374095];GET;/image/wallhaven-2em38y.jpg
[1606917652245];GET;/
[1606917652408];GET;/css/index.css
[1606917652409];GET;/js/index.js
[1606917652468];GET;/image/wallhaven-2em38y.jpg
[1606917660013];POST;/reg
[1606917717057];GET;/
[1606917717090];GET;/css/index.css
[1606917717091];GET;/js/index.js
[1606917717166];GET;/image/wallhaven-2em38y.jpg
[1606917747663];POST;/reg
[1606917949458];GET;/
[1606917949612];GET;/css/index.css
[1606917949612];GET;/js/index.js
[1606917949689];GET;/image/wallhaven-2em38y.jpg
[1606917950707];POST;/reg
[1606918160507];GET;/
[1606918160670];GET;/css/index.css
[1606918160670];GET;/js/index.js
[1606918160741];GET;/image/wallhaven-2em38y.jpg
[1606918161702];POST;/reg
[1606918180642];GET;/
[1606918180782];GET;/css/index.css
[1606918180783];GET;/js/index.js
[1606918180833];GET;/image/wallhaven-2em38y.jpg
[1606918181998];POST;/reg
[1606918234120];GET;/
[1606918234267];GET;/css/index.css
[1606918234268];GET;/js/index.js
[1606918234316];GET;/image/wallhaven-2em38y.jpg
[1606918235047];POST;/reg
[1606918257304];GET;/
[1606918257445];GET;/css/index.css
[1606918257446];GET;/js/index.js
[1606918257473];GET;/image/wallhaven-2em38y.jpg
[1606918258138];POST;/reg
[1606918348746];GET;/
[1606918348879];GET;/css/index.css
[1606918348880];GET;/js/index.js
[1606918348938];GET;/image/wallhaven-2em38y.jpg
[1606918349615];POST;/reg
[1606918434971];GET;/
[1606918435124];GET;/css/index.css
[1606918435124];GET;/js/index.js
[1606918435184];GET;/image/wallhaven-2em38y.jpg
[1606918435896];POST;/reg
[1606918456360];GET;/
[1606918456497];GET;/css/index.css
[1606918456497];GET;/js/index.js
[1606918456523];GET;/image/wallhaven-2em38y.jpg
[1606918457311];POST;/reg
[1606918897492];GET;/
[1606918897639];GET;/css/index.css
[1606918897639];GET;/js/index.js
[1606918897790];GET;/image/wallhaven-2em38y.jpg
[1606918898313];POST;/reg
[1606919065709];GET;/
[1606919065843];GET;/css/index.css
[1606919065843];GET;/js/index.js
[1606919065909];GET;/image/wallhaven-2em38y.jpg
[1606919066737];POST;/reg
[1606919082182];GET;/
[1606919082320];GET;/css/index.css
[1606919082321];GET;/js/index.js
[1606919082381];GET;/image/wallhaven-2em38y.jpg
[1606919083124];POST;/reg
[1606919201299];GET;/
[1606919201437];GET;/css/index.css
[1606919201437];GET;/js/index.js
[1606919201508];GET;/image/wallhaven-2em38y.jpg
[1606919204904];POST;/reg
[1606919273457];GET;/
[1606919273603];GET;/css/index.css
[1606919273604];GET;/js/index.js
[1606919273674];GET;/image/wallhaven-2em38y.jpg
[1606919274188];POST;/reg
[1606919370659];GET;/
[1606919370797];GET;/css/index.css
[1606919370797];GET;/js/index.js
[1606919370899];GET;/image/wallhaven-2em38y.jpg
[1606919371832];POST;/reg
[1606919416350];GET;/
[1606919416491];GET;/css/index.css
[1606919416494];GET;/js/index.js
[1606919416531];GET;/image/wallhaven-2em38y.jpg
[1606919417118];POST;/reg
[1606919455950];GET;/
[1606919456098];GET;/css/index.css
[1606919456098];GET;/js/index.js
[1606919456155];GET;/image/wallhaven-2em38y.jpg
[1606919459363];POST;/reg
[1606919472260];GET;/
[1606919472401];GET;/css/index.css
[1606919472401];GET;/js/index.js
[1606919472446];GET;/image/wallhaven-2em38y.jpg
[1606919473074];POST;/reg
[1606919504451];POST;/reg
[1606919557666];GET;/
[1606919557804];GET;/css/index.css
[1606919557805];GET;/js/index.js
[1606919557879];GET;/image/wallhaven-2em38y.jpg
[1606919558467];POST;/reg
[1606919598387];POST;/reg
[1607167678047];GET;/
[1607167797944];GET;/
[1607168258870];GET;/
[1607168283048];GET;/
[1607168302473];GET;/
[1607168659534];GET;/
[1607168659669];GET;/css/index.css
[1607168659671];GET;/js/index.js
[1607168659813];GET;/image/wallhaven-2em38y.jpg
[1607168670343];GET;/
[1607168670373];GET;/css/index.css
[1607168670374];GET;/js/index.js
[1607168670535];GET;/image/wallhaven-2em38y.jpg
[1607168674069];GET;/
[1607168674092];GET;/css/index.css
[1607168674093];GET;/js/index.js
[1607168674234];GET;/image/wallhaven-2em38y.jpg
[1607168801750];GET;/
[1607168801888];GET;/css/index.css
[1607168801889];GET;/js/index.js
[1607168801991];GET;/image/wallhaven-2em38y.jpg
[1607168804541];GET;/
[1607168804575];GET;/css/index.css
[1607168804575];GET;/js/index.js
[1607168804663];GET;/image/wallhaven-2em38y.jpg
[1607168834067];GET;/
[1607168834200];GET;/css/index.css
[1607168834201];GET;/js/index.js
[1607168834251];GET;/image/wallhaven-2em38y.jpg
[1607168835411];GET;/
[1607168835451];GET;/css/index.css
[1607168835452];GET;/js/index.js
[1607168835503];GET;/image/wallhaven-2em38y.jpg
[1607168836123];GET;/
[1607168836157];GET;/css/index.css
[1607168836158];GET;/js/index.js
[1607168836226];GET;/image/wallhaven-2em38y.jpg
[1607168836589];GET;/
[1607168836624];GET;/css/index.css
[1607168836624];GET;/js/index.js
[1607168836699];GET;/image/wallhaven-2em38y.jpg
[1607168836801];GET;/
[1607168836823];GET;/css/index.css
[1607168836824];GET;/js/index.js
[1607168836920];GET;/image/wallhaven-2em38y.jpg
[1607168837024];GET;/
[1607168837061];GET;/css/index.css
[1607168837062];GET;/js/index.js
[1607168837182];GET;/image/wallhaven-2em38y.jpg
[1607168853291];GET;/
[1607168853420];GET;/css/index.css
[1607168853421];GET;/js/index.js
[1607168853482];GET;/image/wallhaven-2em38y.jpg
[1607168899569];GET;/
[1607168899609];GET;/css/index.css
[1607168899610];GET;/js/index.js
[1607168899691];GET;/image/wallhaven-2em38y.jpg
[1607168920258];GET;/
[1607168920391];GET;/css/index.css
[1607168920392];GET;/js/index.js
[1607168920452];GET;/image/wallhaven-2em38y.jpg
[1607168922045];GET;/
[1607168922075];GET;/css/index.css
[1607168922076];GET;/js/index.js
[1607168922132];GET;/image/wallhaven-2em38y.jpg
[1607168923768];POST;/reg
[1607169014514];GET;/
[1607169014663];GET;/css/index.css
[1607169014663];GET;/js/index.js
[1607169014745];GET;/image/wallhaven-2em38y.jpg
[1607169019743];GET;/
[1607169019778];GET;/css/index.css
[1607169019778];GET;/js/index.js
[1607169019854];GET;/image/wallhaven-2em38y.jpg
[1607169021052];GET;/
[1607169021081];GET;/css/index.css
[1607169021081];GET;/js/index.js
[1607169021114];GET;/image/wallhaven-2em38y.jpg
[1607169022352];GET;/
[1607169022392];GET;/css/index.css
[1607169022392];GET;/js/index.js
[1607169022450];GET;/image/wallhaven-2em38y.jpg
